<?xml version="1.0" encoding="UTF-8"?>
<!-- Generated by org.testng.reporters.JUnitXMLReporter -->
<testsuite hostname="DESKTOP-S3RV3MH" ignored="0" name="Tests2" tests="1" failures="1" timestamp="21 Jul 2018 15:32:29 GMT" time="63.72" errors="0">
  <testcase name="login" time="21.663" classname="testCaseWithKeywordFramework.TestCase2_Login">
    <failure type="java.lang.NullPointerException">
      <![CDATA[java.lang.NullPointerException
	at lib.FunctionLibrary.TestCaseExecutor(FunctionLibrary.java:62)
	at testCaseWithKeywordFramework.TestCase2_Login.login(TestCase2_Login.java:19)
	at lib.DynamicXML.testRun(DynamicXML.java:43)
... Removed 47 stack frames]]>
    </failure>
  </testcase> <!-- login -->
</testsuite> <!-- Tests2 -->
