<?xml version="1.0" encoding="UTF-8"?>
<!-- Generated by org.testng.reporters.JUnitXMLReporter -->
<testsuite hostname="DESKTOP-S3RV3MH" ignored="0" name="Tests1" tests="1" failures="1" timestamp="21 Jul 2018 15:31:25 GMT" time="64.866" errors="0">
  <testcase name="Login" time="35.69" classname="testCaseWithKeywordFramework.TestCase1_Login">
    <failure type="java.lang.NullPointerException">
      <![CDATA[java.lang.NullPointerException
	at testCaseWithKeywordFramework.TestCase1_Login.Login(TestCase1_Login.java:30)
	at lib.DynamicXML.testRun(DynamicXML.java:43)
... Removed 47 stack frames]]>
    </failure>
  </testcase> <!-- Login -->
</testsuite> <!-- Tests1 -->
