<?xml version="1.0" encoding="UTF-8"?>
<testng-results skipped="0" failed="0" ignored="0" total="1" passed="1">
  <reporter-output>
  </reporter-output>
  <suite name="Suite" duration-ms="38414" started-at="2018-08-18T11:40:32Z" finished-at="2018-08-18T11:41:10Z">
    <groups>
    </groups>
    <test name="Test" duration-ms="38414" started-at="2018-08-18T11:40:32Z" finished-at="2018-08-18T11:41:10Z">
      <class name="testCaseWithKeywordFramework.TestCase2_Login">
        <test-method status="PASS" signature="browsernav(java.lang.String)[pri:0, instance:testCaseWithKeywordFramework.TestCase2_Login@13b6d03]" name="browsernav" is-config="true" duration-ms="32071" started-at="2018-08-18T17:10:32Z" finished-at="2018-08-18T17:11:04Z">
          <params>
            <param index="0">
              <value>
                <![CDATA[ChromeDriver]]>
              </value>
            </param>
          </params>
          <reporter-output>
          </reporter-output>
        </test-method> <!-- browsernav -->
        <test-method status="PASS" signature="login()[pri:0, instance:testCaseWithKeywordFramework.TestCase2_Login@13b6d03]" name="login" duration-ms="6318" started-at="2018-08-18T17:11:04Z" finished-at="2018-08-18T17:11:10Z">
          <reporter-output>
          </reporter-output>
        </test-method> <!-- login -->
        <test-method status="PASS" signature="close()[pri:0, instance:testCaseWithKeywordFramework.TestCase2_Login@13b6d03]" name="close" is-config="true" duration-ms="0" started-at="2018-08-18T17:11:10Z" finished-at="2018-08-18T17:11:10Z">
          <reporter-output>
          </reporter-output>
        </test-method> <!-- close -->
        <test-method status="PASS" signature="teardown(org.testng.ITestResult)[pri:0, instance:testCaseWithKeywordFramework.TestCase2_Login@13b6d03]" name="teardown" is-config="true" duration-ms="0" started-at="2018-08-18T17:11:10Z" finished-at="2018-08-18T17:11:10Z">
          <params>
            <param index="0">
              <value>
                <![CDATA[[TestResult name=login status=SUCCESS method=TestCase2_Login.login()[pri:0, instance:testCaseWithKeywordFramework.TestCase2_Login@13b6d03] output={null}]]]>
              </value>
            </param>
          </params>
          <reporter-output>
          </reporter-output>
        </test-method> <!-- teardown -->
      </class> <!-- testCaseWithKeywordFramework.TestCase2_Login -->
    </test> <!-- Test -->
  </suite> <!-- Suite -->
</testng-results>
